<?xml version="1.0" encoding="UTF-8"?>
<!-- Generated by org.testng.reporters.JUnitReportReporter -->
<testsuite hostname="Pcasa" failures="0" tests="2" name="edit.CeduacionIT13032023.laboratorio8" time="0.166" errors="0" timestamp="2023-04-03T20:36:43 ART" skipped="0">
  <testcase classname="edit.CeduacionIT13032023.laboratorio8" name="buscarPalabra" time="0.094"/>
  <system-out/>
  <testcase classname="edit.CeduacionIT13032023.laboratorio8" name="buscarPalabra" time="0.072"/>
  <system-out/>
</testsuite> <!-- edit.CeduacionIT13032023.laboratorio8 -->
