<?xml version="1.0" encoding="UTF-8"?>
<!-- Generated by org.testng.reporters.JUnitReportReporter -->
<testsuite hostname="Pcasa" failures="0" tests="2" name="edit.CeduacionIT13032023.laboratorio2" time="15.336" errors="0" timestamp="2023-03-29T20:30:30 ART" skipped="0">
  <testcase classname="edit.CeduacionIT13032023.laboratorio2" name="buscarPalabraChrome" time="6.702"/>
  <system-out/>
  <testcase classname="edit.CeduacionIT13032023.laboratorio2" name="buscarPalabrafirefox" time="8.634"/>
  <system-out/>
</testsuite> <!-- edit.CeduacionIT13032023.laboratorio2 -->
