<?xml version="1.0" encoding="UTF-8"?>
<!-- Generated by org.testng.reporters.JUnitReportReporter -->
<testsuite hostname="Pcasa" failures="0" tests="1" name="edit.CeduacionIT13032023.ScrollScreenshot" time="18.709" errors="0" timestamp="2023-04-04T18:45:02 ART" skipped="0">
  <testcase classname="edit.CeduacionIT13032023.ScrollScreenshot" name="scrollScreenshotTest" time="18.709"/>
  <system-out/>
</testsuite> <!-- edit.CeduacionIT13032023.ScrollScreenshot -->
