<?xml version="1.0" encoding="UTF-8"?>
<!-- Generated by org.testng.reporters.JUnitReportReporter -->
<testsuite hostname="Pcasa" failures="0" tests="1" name="edit.CeduacionIT13032023.laboratorio3" time="10.113" errors="0" timestamp="2023-04-03T21:31:18 ART" skipped="0">
  <testcase classname="edit.CeduacionIT13032023.laboratorio3" name="registrarUsuario" time="10.113"/>
  <system-out/>
</testsuite> <!-- edit.CeduacionIT13032023.laboratorio3 -->
