<?xml version="1.0" encoding="UTF-8"?>
<!-- Generated by org.testng.reporters.JUnitReportReporter -->
<testsuite hostname="Pcasa" failures="0" tests="1" name="edit.CeduacionIT13032023.laboratorio4" time="1.134" errors="0" timestamp="2023-03-29T20:30:30 ART" skipped="0">
  <testcase classname="edit.CeduacionIT13032023.laboratorio4" name="buscarPalabraChrome" time="1.134"/>
  <system-out/>
</testsuite> <!-- edit.CeduacionIT13032023.laboratorio4 -->
