<?xml version="1.0" encoding="UTF-8"?>
<!-- Generated by org.testng.reporters.JUnitReportReporter -->
<testsuite hostname="Pcasa" failures="0" tests="1" name="edit.CeduacionIT13032023.laboratorio15" time="0.003" errors="0" timestamp="2023-04-10T20:58:14 ART" skipped="0">
  <testcase classname="edit.CeduacionIT13032023.laboratorio15" name="imprimirValoresTabla" time="0.003"/>
  <system-out/>
</testsuite> <!-- edit.CeduacionIT13032023.laboratorio15 -->
