<?xml version="1.0" encoding="UTF-8"?>
<!-- Generated by org.testng.reporters.JUnitReportReporter -->
<testsuite hostname="Pcasa" failures="0" tests="1" name="edit.CeduacionIT13032023.laboratorio9" time="0.111" errors="0" timestamp="2023-04-03T21:41:32 ART" skipped="0">
  <testcase classname="edit.CeduacionIT13032023.laboratorio9" name="buscarPalabra" time="0.111"/>
  <system-out/>
</testsuite> <!-- edit.CeduacionIT13032023.laboratorio9 -->
