<?xml version="1.0" encoding="UTF-8"?>
<!-- Generated by org.testng.reporters.JUnitReportReporter -->
<testsuite hostname="Pcasa" failures="0" tests="1" name="edit.CeduacionIT13032023.laboratorio7" time="17.178" errors="0" timestamp="2023-03-29T21:52:38 ART" skipped="0">
  <testcase classname="edit.CeduacionIT13032023.laboratorio7" name="irAcontactUs" time="17.178"/>
  <system-out/>
</testsuite> <!-- edit.CeduacionIT13032023.laboratorio7 -->
